<?xml version="1.0" encoding="UTF-8"?>
<!-- Generated by org.testng.reporters.JUnitXMLReporter -->
<testsuite ignored="1" hostname="DESKTOP-NFO01LF" failures="0" tests="4" name="Test" time="59.341" errors="0" timestamp="2024-01-12T10:12:00 EST">
  <testcase classname="TestRunners.ProductFunctionTest" name="CheckProductPageDashBoard" time="1.007"/>
  <testcase classname="TestRunners.ProductFunctionTest" name="checkProductSorting" time="12.117"/>
  <testcase classname="TestRunners.CheckoutFunctionTest" name="completeCheckoutProcess" time="6.821"/>
  <testcase classname="TestRunners.CheckoutFunctionTest" name="filloutForm" time="8.423"/>
  <testcase classname="TestRunners.ProductFunctionTest" name="addproductToCart" time="0.0">
    <ignored/>
  </testcase> <!-- addproductToCart -->
</testsuite> <!-- Test -->
