<?xml version="1.0" encoding="UTF-8"?>
<!-- Generated by org.testng.reporters.JUnitXMLReporter -->
<testsuite ignored="0" hostname="DESKTOP-NFO01LF" failures="0" tests="3" name="Default test" time="0.412" errors="0" timestamp="2024-01-05T03:10:28 EST">
  <testcase classname="FunctionTesting.Annotations" name="testOne" time="0.045"/>
  <testcase classname="FunctionTesting.Annotations" name="testThree" time="0.014"/>
  <testcase classname="FunctionTesting.Annotations" name="testTwo" time="0.012"/>
</testsuite> <!-- Default test -->
