<?xml version="1.0" encoding="UTF-8"?>
<testng-results ignored="0" total="1" passed="1" failed="0" skipped="0">
  <reporter-output>
  </reporter-output>
  <suite started-at="2024-01-05T03:16:15 EST" name="Suite" finished-at="2024-01-05T03:16:30 EST" duration-ms="14640">
    <groups>
    </groups>
    <test started-at="2024-01-05T03:16:15 EST" name="Test" finished-at="2024-01-05T03:16:30 EST" duration-ms="14640">
      <class name="FunctionTesting.FrameWork_AnnotationsXParameters">
        <test-method is-config="true" signature="setupDriver(java.lang.String,java.lang.String)[pri:0, instance:FunctionTesting.FrameWork_AnnotationsXParameters@313ac989]" started-at="2024-01-05T03:16:15 EST" name="setupDriver" finished-at="2024-01-05T03:16:28 EST" duration-ms="12322" status="PASS">
          <params>
            <param index="0">
              <value>
                <![CDATA[firefox]]>
              </value>
            </param>
            <param index="1">
              <value>
                <![CDATA[https://www.saucedemo.com/v1/]]>
              </value>
            </param>
          </params>
          <reporter-output>
          </reporter-output>
        </test-method> <!-- setupDriver -->
        <test-method is-config="true" signature="login()[pri:0, instance:FunctionTesting.FrameWork_AnnotationsXParameters@313ac989]" started-at="2024-01-05T03:16:28 EST" name="login" finished-at="2024-01-05T03:16:30 EST" duration-ms="1909" status="PASS">
          <reporter-output>
          </reporter-output>
        </test-method> <!-- login -->
        <test-method signature="titleTest()[pri:0, instance:FunctionTesting.FrameWork_AnnotationsXParameters@313ac989]" started-at="2024-01-05T03:16:30 EST" name="titleTest" finished-at="2024-01-05T03:16:30 EST" duration-ms="139" status="PASS">
          <reporter-output>
          </reporter-output>
        </test-method> <!-- titleTest -->
      </class> <!-- FunctionTesting.FrameWork_AnnotationsXParameters -->
    </test> <!-- Test -->
  </suite> <!-- Suite -->
</testng-results>
