<?xml version="1.0" encoding="UTF-8"?>
<testng-results ignored="0" total="2" passed="2" failed="0" skipped="0">
  <reporter-output>
  </reporter-output>
  <suite started-at="2024-02-05T03:35:34 EST" name="Default suite" finished-at="2024-02-05T03:36:12 EST" duration-ms="38052">
    <groups>
    </groups>
    <test started-at="2024-02-05T03:35:34 EST" name="Default test" finished-at="2024-02-05T03:36:12 EST" duration-ms="38052">
      <class name="TestNGFramework.LoginFunction">
        <test-method is-config="true" signature="initialPage()[pri:0, instance:TestNGFramework.LoginFunction@4135c3b]" started-at="2024-02-05T03:35:34 EST" name="initialPage" finished-at="2024-02-05T03:35:48 EST" duration-ms="13820" status="PASS">
          <reporter-output>
          </reporter-output>
        </test-method> <!-- initialPage -->
        <test-method signature="LoginWithInvalidCredentials()[pri:1, instance:TestNGFramework.LoginFunction@4135c3b]" started-at="2024-02-05T03:35:48 EST" name="LoginWithInvalidCredentials" finished-at="2024-02-05T03:35:54 EST" duration-ms="6474" status="PASS">
          <reporter-output>
          </reporter-output>
        </test-method> <!-- LoginWithInvalidCredentials -->
        <test-method signature="LoginWithValidCredentials()[pri:2, instance:TestNGFramework.LoginFunction@4135c3b]" started-at="2024-02-05T03:35:54 EST" name="LoginWithValidCredentials" finished-at="2024-02-05T03:36:06 EST" duration-ms="11867" status="PASS">
          <reporter-output>
          </reporter-output>
        </test-method> <!-- LoginWithValidCredentials -->
        <test-method is-config="true" signature="tearDwon()[pri:0, instance:TestNGFramework.LoginFunction@4135c3b]" started-at="2024-02-05T03:36:06 EST" name="tearDwon" finished-at="2024-02-05T03:36:12 EST" duration-ms="5596" status="PASS">
          <reporter-output>
          </reporter-output>
        </test-method> <!-- tearDwon -->
      </class> <!-- TestNGFramework.LoginFunction -->
    </test> <!-- Default test -->
  </suite> <!-- Default suite -->
</testng-results>
